build/app/outputs/mapping/release/seeds.txt
com.example.movieapp.MainActivity
com.example.movieapp.MainActivity: MainActivity()
...
androidx.window.embedding.SplitRule: int layoutDirection
androidx.window.embedding.EmptyEmbeddingComponent: void setEmbeddingRules(java.util.Set)
kotlinx.coroutines.CancellableContinuationImpl: int _decision
androidx.window.layout.SidecarWindowBackend$WindowLayoutChangeCallbackWrapper: android.app.Activity activity
androidx.window.embedding.ExtensionEmbeddingBackend$Companion: androidx.window.embedding.ExtensionEmbeddingBackend getInstance()
io.flutter.plugin.platform.SingleViewPresentation: io.flutter.plugin.platform.SingleViewPresentation$PresentationState state
androidx.window.layout.WindowInfoTracker
androidx.window.layout.SidecarAdapter$Companion
kotlinx.coroutines.BlockingEventLoop
io.flutter.embedding.engine.systemchannels.PlatformChannel$SoundType: io.flutter.embedding.engine.systemchannels.PlatformChannel$SoundType valueOf(java.lang.String)
io.flutter.embedding.engine.FlutterJNI: void prefetchDefaultFontManager()
androidx.core.app.RemoteActionCompatParcelizer: void write(androidx.core.app.RemoteActionCompat,androidx.versionedparcelable.VersionedParcel)
kotlin.coroutines.AbstractCoroutineContextElement: java.lang.Object fold(java.lang.Object,kotlin.jvm.functions.Function2)
io.flutter.plugin.platform.SingleViewPresentation: android.widget.FrameLayout container
androidx.window.layout.SidecarWindowBackend$ExtensionListenerImpl: void onWindowLayoutChanged(android.app.Activity,androidx.window.layout.WindowLayoutInfo)
io.flutter.embedding.engine.systemchannels.PlatformChannel$SystemUiOverlay: io.flutter.embedding.engine.systemchannels.PlatformChannel$SystemUiOverlay valueOf(java.lang.String)
androidx.window.layout.ExtensionWindowLayoutInfoBackend: java.util.Map listenerToActivity
androidx.window.layout.SidecarCompat: androidx.window.sidecar.SidecarInterface getSidecar()
androidx.window.embedding.SplitController
androidx.window.embedding.EmbeddingAdapter: java.util.List translate(java.util.List)
androidx.window.layout.HardwareFoldingFeature$Type: androidx.window.layout.HardwareFoldingFeature$Type FOLD
io.flutter.embedding.engine.FlutterJNI: io.flutter.view.FlutterCallbackInformation nativeLookupCallbackInformation(long)
kotlin.jvm.internal.CallableReference: boolean isAbstract()
io.flutter.embedding.android.FlutterSplashView$SavedState
kotlinx.coroutines.EventLoopImplBase: int _isCompleted
androidx.window.java.layout.WindowInfoTrackerCallbackAdapter$addListener$1$1: kotlinx.coroutines.flow.Flow $flow
androidx.window.layout.ExtensionsWindowLayoutInfoAdapter
androidx.window.embedding.EmbeddingInterfaceCompat
androidx.window.layout.WindowInfoTrackerImpl: androidx.window.layout.WindowInfoTrackerImpl$Companion Companion
kotlinx.coroutines.JobImpl
androidx.window.embedding.SplitController: androidx.window.embedding.EmbeddingBackend embeddingBackend
androidx.window.layout.ExtensionsWindowLayoutInfoAdapter: ExtensionsWindowLayoutInfoAdapter()
io.flutter.embedding.engine.FlutterJNI: boolean isCodePointEmojiModifierBase(int)
androidx.window.embedding.SplitPlaceholderRule: android.content.Intent getPlaceholderIntent()
androidx.window.layout.ExtensionWindowLayoutInfoBackend: java.util.concurrent.locks.ReentrantLock extensionWindowBackendLock
androidx.window.embedding.SplitPairRule: SplitPairRule(java.util.Set,boolean,boolean,boolean,int,int,float,int,int,kotlin.jvm.internal.DefaultConstructorMarker)
android.support.v4.graphics.drawable.IconCompatParcelizer: void write(androidx.core.graphics.drawable.IconCompat,androidx.versionedparcelable.VersionedParcel)
io.flutter.embedding.engine.FlutterJNI: io.flutter.plugin.localization.LocalizationPlugin localizationPlugin
kotlinx.coroutines.internal.LockFreeLinkedListNode: java.lang.Object _removedRef
androidx.window.layout.SidecarWindowBackend: void setWindowExtension(androidx.window.layout.ExtensionInterfaceCompat)
androidx.window.layout.WindowInfoTracker: kotlinx.coroutines.flow.Flow windowLayoutInfo(android.app.Activity)