build/app/outputs/mapping/release/mapping.txt
# compiler: R8
# compiler_version: 2.1.62
# min_api: 16
# pg_map_id: 1efe14b
# common_typos_disable
...
kotlin.collections.CollectionsKt__ReversedViewsKt -> g.q.o:
kotlin.collections.CollectionsKt___CollectionsJvmKt -> g.q.p:
kotlin.collections.CollectionsKt___CollectionsKt -> g.q.q:
    java.lang.Appendable joinTo(java.lang.Iterable,java.lang.Appendable,java.lang.CharSequence,java.lang.CharSequence,java.lang.CharSequence,int,java.lang.CharSequence,kotlin.jvm.functions.Function1) -> i
    java.lang.Appendable joinTo$default(java.lang.Iterable,java.lang.Appendable,java.lang.CharSequence,java.lang.CharSequence,java.lang.CharSequence,int,java.lang.CharSequence,kotlin.jvm.functions.Function1,int,java.lang.Object) -> j
    java.lang.String joinToString(java.lang.Iterable,java.lang.CharSequence,java.lang.CharSequence,java.lang.CharSequence,int,java.lang.CharSequence,kotlin.jvm.functions.Function1) -> k
    java.lang.String joinToString$default(java.lang.Iterable,java.lang.CharSequence,java.lang.CharSequence,java.lang.CharSequence,int,java.lang.CharSequence,kotlin.jvm.functions.Function1,int,java.lang.Object) -> l
    java.lang.Comparable minOrNull(java.lang.Iterable) -> m
    java.lang.Object single(java.lang.Iterable) -> n
    java.lang.Object single(java.util.List) -> o
    java.util.Collection toCollection(java.lang.Iterable,java.util.Collection) -> p
    java.util.List toList(java.lang.Iterable) -> q
    java.util.List toMutableList(java.lang.Iterable) -> r
    java.util.List toMutableList(java.util.Collection) -> s
    java.util.Set toSet(java.lang.Iterable) -> t
kotlin.collections.EmptyIterator -> g.q.r:
    kotlin.collections.EmptyIterator INSTANCE -> d
    void add(java.lang.Void) -> a
    java.lang.Void next() -> b
    java.lang.Void previous() -> c
    void set(java.lang.Void) -> d
kotlin.collections.EmptyList -> g.q.s:
    kotlin.collections.EmptyList INSTANCE -> d
    void add(int,java.lang.Void) -> a
    boolean add(java.lang.Void) -> b
    boolean contains(java.lang.Void) -> c
    java.lang.Void get(int) -> d
    int getSize() -> e
    int indexOf(java.lang.Void) -> f
    int lastIndexOf(java.lang.Void) -> g
    java.lang.Void set(int,java.lang.Void) -> h
kotlin.collections.EmptyMap -> g.q.t:
    kotlin.collections.EmptyMap INSTANCE -> d
    boolean containsValue(java.lang.Void) -> a
    java.lang.Void get(java.lang.Object) -> b
    java.util.Set getEntries() -> c
    java.util.Set getKeys() -> d
    int getSize() -> e
    java.util.Collection getValues() -> f
    java.lang.Void put(java.lang.Object,java.lang.Void) -> g
    java.lang.Void remove(java.lang.Object) -> h
kotlin.collections.EmptySet -> g.q.u:
    kotlin.collections.EmptySet INSTANCE -> d
    boolean add(java.lang.Void) -> a
    boolean contains(java.lang.Void) -> b
    int getSize() -> c
kotlin.collections.IntIterator -> g.q.v:
    int nextInt() -> a
kotlin.collections.MapsKt -> g.q.w:
    int mapCapacity(int) -> a
    java.util.Map toMap(java.lang.Iterable) -> g
kotlin.collections.MapsKt__MapWithDefaultKt -> g.q.x:
kotlin.collections.MapsKt__MapsJVMKt -> g.q.y:
    int mapCapacity(int) -> a
    java.util.Map mapOf(kotlin.Pair) -> b
    java.util.Map toSingletonMap(java.util.Map) -> c
kotlin.collections.MapsKt__MapsKt -> g.q.z:
    java.util.Map emptyMap() -> d
    java.util.Map optimizeReadOnlyMap(java.util.Map) -> e
    void putAll(java.util.Map,java.lang.Iterable) -> f
    java.util.Map toMap(java.lang.Iterable) -> g
    java.util.Map toMap(java.lang.Iterable,java.util.Map) -> h
kotlin.collections.MapsKt___MapsKt -> g.q.a0:
kotlin.collections.SetsKt -> g.q.b0:
    java.util.Set emptySet() -> b
kotlin.collections.SetsKt__SetsJVMKt -> g.q.c0:
    java.util.Set setOf(java.lang.Object) -> a
kotlin.collections.SetsKt__SetsKt -> g.q.d0:
    java.util.Set emptySet() -> b
    java.util.Set optimizeReadOnlySet(java.util.Set) -> c
kotlin.collections.SetsKt___SetsKt -> g.q.e0:
kotlin.comparisons.ComparisonsKt -> g.r.a:
    int compareValues(java.lang.Comparable,java.lang.Comparable) -> a