build/app/outputs/mapping/release/usage.txt
com.example.movieapp.R$id
com.example.movieapp.R$dimen
com.example.movieapp.R$mipmap
com.example.movieapp.R$drawable
com.example.movieapp.R$integer
com.example.movieapp.R
com.example.movieapp.BuildConfig
com.example.movieapp.R$attr
com.example.movieapp.R$color
com.example.movieapp.R$styleable
com.example.movieapp.R$style
com.example.movieapp.R$layout
com.example.movieapp.R$string
...
com.google.common.util.concurrent.ForwardingFuture$SimpleForwardingFuture
androidx.core.view.OneShotPreDrawListener
kotlin.io.FileTreeWalk$FileTreeWalkIterator$WhenMappings
androidx.annotation.Size
com.google.common.collect.Iterables$UnmodifiableIterable
com.google.common.collect.RegularImmutableTable$1
androidx.core.view.WindowInsetsAnimationControllerCompat$Impl30
com.google.common.cache.LocalCache$Values
kotlinx.coroutines.internal.LockFreeTaskQueueCore:
    public final java.util.List map(kotlin.jvm.functions.Function1)
    public final boolean isClosed()
    public static final int INITIAL_CAPACITY
    public static final int CAPACITY_BITS
    public static final int MAX_CAPACITY_MASK
    public static final int HEAD_SHIFT
    public static final long HEAD_MASK
    public static final int TAIL_SHIFT
    public static final long TAIL_MASK
    public static final int FROZEN_SHIFT
    public static final long FROZEN_MASK
    public static final int CLOSED_SHIFT
    public static final long CLOSED_MASK
    public static final int MIN_ADD_SPIN_CAPACITY
    public static final int ADD_SUCCESS
    public static final int ADD_FROZEN
    public static final int ADD_CLOSED
kotlin.io.FileWalkDirection
androidx.fragment.app.FragmentManagerImpl$5
com.google.common.graph.AbstractValueGraph$1
com.google.common.hash.AbstractHasher
com.google.common.util.concurrent.UncaughtExceptionHandlers
kotlin.annotation.Target
androidx.lifecycle.ReportFragment$LifecycleCallbacks
com.google.common.collect.ComputationException
kotlin.coroutines.CoroutineContext$Element:
    public abstract java.lang.Object fold(java.lang.Object,kotlin.jvm.functions.Function2)
    public abstract kotlin.coroutines.CoroutineContext minusKey(kotlin.coroutines.CoroutineContext$Key)
kotlinx.coroutines.JobSupport$children$1
kotlinx.coroutines.flow.FlowKt__ChannelsKt$WhenMappings
kotlinx.coroutines.internal.LockFreeLinkedListNode$PrepareOp:
    public void <init>(kotlinx.coroutines.internal.LockFreeLinkedListNode,kotlinx.coroutines.internal.LockFreeLinkedListNode,kotlinx.coroutines.internal.LockFreeLinkedListNode$AbstractAtomicDesc)
    public kotlinx.coroutines.internal.AtomicOp getAtomicOp()
    public java.lang.Object perform(java.lang.Object)
    public java.lang.String toString()
    public final kotlinx.coroutines.internal.LockFreeLinkedListNode affected
    public final kotlinx.coroutines.internal.LockFreeLinkedListNode next
com.google.common.collect.Sets$PowerSet$1
androidx.core.view.DisplayCompat
com.google.common.eventbus.AsyncEventBus
kotlin.coroutines.ContinuationInterceptor$DefaultImpls:
    public static void releaseInterceptedContinuation(kotlin.coroutines.ContinuationInterceptor,kotlin.coroutines.Continuation)
    public static java.lang.Object fold(kotlin.coroutines.ContinuationInterceptor,java.lang.Object,kotlin.jvm.functions.Function2)
    public static kotlin.coroutines.CoroutineContext plus(kotlin.coroutines.ContinuationInterceptor,kotlin.coroutines.CoroutineContext)
kotlin.jvm.Transient
com.google.common.graph.AbstractBaseGraph$IncidentEdgeSet$Directed
androidx.core.provider.FontRequestWorker$2
com.google.common.reflect.Types$NativeTypeVariableEquals
kotlinx.coroutines.debug.internal.ConcurrentWeakMap$Core
kotlin.reflect.ParameterizedTypeImpl$getTypeName$1$1
androidx.core.view.AccessibilityDelegateCompat$AccessibilityDelegateAdapter
com.google.common.collect.UnmodifiableListIterator
com.google.common.util.concurrent.ThreadFactoryBuilder$1
com.google.common.util.concurrent.InterruptibleTask
androidx.core.location.LocationManagerCompat$CancellableLocationListener$1
androidx.annotation.StringDef
com.google.common.collect.AbstractListMultimap
com.google.common.util.concurrent.ExecutionSequencer$1
androidx.core.graphics.TypefaceCompatUtil
com.google.common.math.LinearTransformation$LinearTransformationBuilder
com.google.common.cache.RemovalNotification
androidx.core.location.GnssStatusWrapper
com.google.common.io.Flushables